# JRE version: Java(TM) SE Runtime Environment (17.0.10+11) (build 17.0.10+11-LTS-240)
# Java VM: Java HotSpot(TM) 64-Bit Server VM (17.0.10+11-LTS-240, mixed mode, sharing, tiered, compressed oops, compressed class ptrs, g1 gc, windows-amd64)
GC Precious Log:
 CPUs: 12 total, 12 available
 Memory: 7832M
 Large Page Support: Disabled
 NUMA Support: Disabled
 Compressed Oops: Enabled (32-bit)
 Heap Region Size: 1M
 Heap Min Capacity: 8M
 Heap Initial Capacity: 124M
 Heap Max Capacity: 1960M
 Pre-touch: Disabled
 Parallel Workers: 10
 Concurrent Workers: 3
 Concurrent Refinement Workers: 10
 Periodic GC: Disabled
Heap:
 garbage-first heap   total 390144K, used 241268K [0x0000000085800000, 0x0000000100000000)
  region size 1024K, 117 young (119808K), 20 survivors (20480K)
 Metaspace       used 75411K, committed 76032K, reserved 1179648K
  class space    used 8693K, committed 9024K, reserved 1048576K
GC Heap History (20 events):
Event: 12.722 GC heap before
{Heap before GC invocations=25 (full 0):
 garbage-first heap   total 135168K, used 93505K [0x0000000085800000, 0x0000000100000000)
  region size 1024K, 40 young (40960K), 6 survivors (6144K)
 Metaspace       used 46847K, committed 47168K, reserved 1114112K
  class space    used 5634K, committed 5760K, reserved 1048576K
}
Event: 12.728 GC heap after
{Heap after GC invocations=26 (full 0):
 garbage-first heap   total 135168K, used 64439K [0x0000000085800000, 0x0000000100000000)
  region size 1024K, 5 young (5120K), 5 survivors (5120K)
 Metaspace       used 46847K, committed 47168K, reserved 1114112K
  class space    used 5634K, committed 5760K, reserved 1048576K
}
Event: 13.729 GC heap before
{Heap before GC invocations=26 (full 0):
 garbage-first heap   total 135168K, used 95159K [0x0000000085800000, 0x0000000100000000)
  region size 1024K, 36 young (36864K), 5 survivors (5120K)
 Metaspace       used 55358K, committed 55744K, reserved 1114112K
  class space    used 6688K, committed 6848K, reserved 1048576K
}
Event: 13.734 GC heap after
{Heap after GC invocations=27 (full 0):
 garbage-first heap   total 135168K, used 67082K [0x0000000085800000, 0x0000000100000000)
  region size 1024K, 4 young (4096K), 4 survivors (4096K)
 Metaspace       used 55358K, committed 55744K, reserved 1114112K
  class space    used 6688K, committed 6848K, reserved 1048576K
}
Event: 14.524 GC heap before
{Heap before GC invocations=28 (full 0):
 garbage-first heap   total 135168K, used 108042K [0x0000000085800000, 0x0000000100000000)
  region size 1024K, 37 young (37888K), 4 survivors (4096K)
 Metaspace       used 60169K, committed 60544K, reserved 1114112K
  class space    used 7337K, committed 7488K, reserved 1048576K
}
Event: 14.530 GC heap after
{Heap after GC invocations=29 (full 0):
 garbage-first heap   total 135168K, used 78494K [0x0000000085800000, 0x0000000100000000)
  region size 1024K, 5 young (5120K), 5 survivors (5120K)
 Metaspace       used 60169K, committed 60544K, reserved 1114112K
  class space    used 7337K, committed 7488K, reserved 1048576K
}
Event: 14.532 GC heap before
{Heap before GC invocations=29 (full 0):
 garbage-first heap   total 135168K, used 79518K [0x0000000085800000, 0x0000000100000000)
  region size 1024K, 6 young (6144K), 5 survivors (5120K)
 Metaspace       used 60169K, committed 60544K, reserved 1114112K
  class space    used 7337K, committed 7488K, reserved 1048576K
}
Event: 14.535 GC heap after
{Heap after GC invocations=30 (full 0):
 garbage-first heap   total 135168K, used 78730K [0x0000000085800000, 0x0000000100000000)
  region size 1024K, 1 young (1024K), 1 survivors (1024K)
 Metaspace       used 60169K, committed 60544K, reserved 1114112K
  class space    used 7337K, committed 7488K, reserved 1048576K
}
Event: 14.941 GC heap before
{Heap before GC invocations=30 (full 0):
 garbage-first heap   total 135168K, used 104330K [0x0000000085800000, 0x0000000100000000)
  region size 1024K, 27 young (27648K), 1 survivors (1024K)
 Metaspace       used 61925K, committed 62336K, reserved 1114112K
  class space    used 7528K, committed 7744K, reserved 1048576K
}
Event: 14.944 GC heap after
{Heap after GC invocations=31 (full 0):
 garbage-first heap   total 135168K, used 80756K [0x0000000085800000, 0x0000000100000000)
  region size 1024K, 3 young (3072K), 3 survivors (3072K)
 Metaspace       used 61925K, committed 62336K, reserved 1114112K
  class space    used 7528K, committed 7744K, reserved 1048576K
}
Event: 17.019 GC heap before
{Heap before GC invocations=32 (full 0):
 garbage-first heap   total 142336K, used 106356K [0x0000000085800000, 0x0000000100000000)
  region size 1024K, 29 young (29696K), 3 survivors (3072K)
 Metaspace       used 65638K, committed 66048K, reserved 1114112K
  class space    used 7947K, committed 8128K, reserved 1048576K
}
Event: 17.026 GC heap after
{Heap after GC invocations=33 (full 0):
 garbage-first heap   total 390144K, used 84589K [0x0000000085800000, 0x0000000100000000)
  region size 1024K, 4 young (4096K), 4 survivors (4096K)
 Metaspace       used 65638K, committed 66048K, reserved 1114112K
  class space    used 7947K, committed 8128K, reserved 1048576K
}
Event: 17.618 GC heap before
{Heap before GC invocations=33 (full 0):
 garbage-first heap   total 390144K, used 105069K [0x0000000085800000, 0x0000000100000000)
  region size 1024K, 19 young (19456K), 4 survivors (4096K)
 Metaspace       used 66176K, committed 66560K, reserved 1114112K
  class space    used 7998K, committed 8192K, reserved 1048576K
}
Event: 17.623 GC heap after
{Heap after GC invocations=34 (full 0):
 garbage-first heap   total 390144K, used 87253K [0x0000000085800000, 0x0000000100000000)
  region size 1024K, 3 young (3072K), 3 survivors (3072K)
 Metaspace       used 66176K, committed 66560K, reserved 1114112K
  class space    used 7998K, committed 8192K, reserved 1048576K
}
Event: 24.231 GC heap before
{Heap before GC invocations=34 (full 0):
 garbage-first heap   total 390144K, used 246997K [0x0000000085800000, 0x0000000100000000)
  region size 1024K, 157 young (160768K), 3 survivors (3072K)
 Metaspace       used 69144K, committed 69568K, reserved 1114112K
  class space    used 8139K, committed 8320K, reserved 1048576K
}
Event: 24.243 GC heap after
{Heap after GC invocations=35 (full 0):
 garbage-first heap   total 390144K, used 100507K [0x0000000085800000, 0x0000000100000000)
  region size 1024K, 20 young (20480K), 20 survivors (20480K)
 Metaspace       used 69144K, committed 69568K, reserved 1114112K
  class space    used 8139K, committed 8320K, reserved 1048576K
}
Event: 30.351 GC heap before
{Heap before GC invocations=35 (full 0):
 garbage-first heap   total 390144K, used 283803K [0x0000000085800000, 0x0000000100000000)
  region size 1024K, 184 young (188416K), 20 survivors (20480K)
 Metaspace       used 71658K, committed 72000K, reserved 1114112K
  class space    used 8406K, committed 8576K, reserved 1048576K
}
Event: 30.390 GC heap after
{Heap after GC invocations=36 (full 0):
 garbage-first heap   total 390144K, used 123395K [0x0000000085800000, 0x0000000100000000)
  region size 1024K, 23 young (23552K), 23 survivors (23552K)
 Metaspace       used 71658K, committed 72000K, reserved 1114112K
  class space    used 8406K, committed 8576K, reserved 1048576K
}
Event: 35.611 GC heap before
{Heap before GC invocations=36 (full 0):
 garbage-first heap   total 390144K, used 280067K [0x0000000085800000, 0x0000000100000000)
  region size 1024K, 174 young (178176K), 23 survivors (23552K)
 Metaspace       used 74053K, committed 74624K, reserved 1179648K
  class space    used 8604K, committed 8896K, reserved 1048576K
}
Event: 35.636 GC heap after
{Heap after GC invocations=37 (full 0):
 garbage-first heap   total 390144K, used 141940K [0x0000000085800000, 0x0000000100000000)
  region size 1024K, 20 young (20480K), 20 survivors (20480K)
 Metaspace       used 74053K, committed 74624K, reserved 1179648K
  class space    used 8604K, committed 8896K, reserved 1048576K
}

