# JRE version: OpenJDK Runtime Environment Microsoft-8035246 (17.0.8+7) (build 17.0.8+7-LTS)
# Java VM: OpenJDK 64-Bit Server VM Microsoft-8035246 (17.0.8+7-LTS, mixed mode, sharing, tiered, compressed oops, compressed class ptrs, g1 gc, windows-amd64)
GC Precious Log:
 CPUs: 4 total, 4 available
 Memory: 11225M
 Large Page Support: Disabled
 NUMA Support: Disabled
 Compressed Oops: Enabled (Zero based)
 Heap Region Size: 2M
 Heap Min Capacity: 8M
 Heap Initial Capacity: 176M
 Heap Max Capacity: 4G
 Pre-touch: Disabled
 Parallel Workers: 4
 Concurrent Workers: 1
 Concurrent Refinement Workers: 4
 Periodic GC: Disabled
Heap:
 garbage-first heap   total 380928K, used 236517K [0x0000000700000000, 0x0000000800000000)
  region size 2048K, 24 young (49152K), 5 survivors (10240K)
 Metaspace       used 105066K, committed 106176K, reserved 983040K
  class space    used 14527K, committed 15040K, reserved 851968K
GC Heap History (20 events):
Event: 122.058 GC heap before
{Heap before GC invocations=43 (full 0):
 garbage-first heap   total 190464K, used 153544K [0x0000000700000000, 0x0000000800000000)
  region size 2048K, 30 young (61440K), 3 survivors (6144K)
 Metaspace       used 87022K, committed 87744K, reserved 983040K
  class space    used 12122K, committed 12480K, reserved 851968K
}
Event: 122.073 GC heap after
{Heap after GC invocations=44 (full 0):
 garbage-first heap   total 190464K, used 100014K [0x0000000700000000, 0x0000000800000000)
  region size 2048K, 1 young (2048K), 1 survivors (2048K)
 Metaspace       used 87022K, committed 87744K, reserved 983040K
  class space    used 12122K, committed 12480K, reserved 851968K
}
Event: 122.283 GC heap before
{Heap before GC invocations=44 (full 0):
 garbage-first heap   total 190464K, used 104110K [0x0000000700000000, 0x0000000800000000)
  region size 2048K, 4 young (8192K), 1 survivors (2048K)
 Metaspace       used 87478K, committed 88256K, reserved 983040K
  class space    used 12241K, committed 12608K, reserved 851968K
}
Event: 122.294 GC heap after
{Heap after GC invocations=45 (full 0):
 garbage-first heap   total 190464K, used 99653K [0x0000000700000000, 0x0000000800000000)
  region size 2048K, 1 young (2048K), 1 survivors (2048K)
 Metaspace       used 87478K, committed 88256K, reserved 983040K
  class space    used 12241K, committed 12608K, reserved 851968K
}
Event: 124.589 GC heap before
{Heap before GC invocations=45 (full 0):
 garbage-first heap   total 190464K, used 154949K [0x0000000700000000, 0x0000000800000000)
  region size 2048K, 28 young (57344K), 1 survivors (2048K)
 Metaspace       used 91054K, committed 91904K, reserved 983040K
  class space    used 12751K, committed 13120K, reserved 851968K
}
Event: 124.603 GC heap after
{Heap after GC invocations=46 (full 0):
 garbage-first heap   total 190464K, used 103255K [0x0000000700000000, 0x0000000800000000)
  region size 2048K, 2 young (4096K), 2 survivors (4096K)
 Metaspace       used 91054K, committed 91904K, reserved 983040K
  class space    used 12751K, committed 13120K, reserved 851968K
}
Event: 128.562 GC heap before
{Heap before GC invocations=47 (full 0):
 garbage-first heap   total 190464K, used 162647K [0x0000000700000000, 0x0000000800000000)
  region size 2048K, 28 young (57344K), 2 survivors (4096K)
 Metaspace       used 93858K, committed 94784K, reserved 983040K
  class space    used 13125K, committed 13568K, reserved 851968K
}
Event: 128.595 GC heap after
{Heap after GC invocations=48 (full 0):
 garbage-first heap   total 190464K, used 122218K [0x0000000700000000, 0x0000000800000000)
  region size 2048K, 4 young (8192K), 4 survivors (8192K)
 Metaspace       used 93858K, committed 94784K, reserved 983040K
  class space    used 13125K, committed 13568K, reserved 851968K
}
Event: 128.730 GC heap before
{Heap before GC invocations=48 (full 0):
 garbage-first heap   total 190464K, used 124266K [0x0000000700000000, 0x0000000800000000)
  region size 2048K, 5 young (10240K), 4 survivors (8192K)
 Metaspace       used 93875K, committed 94784K, reserved 983040K
  class space    used 13127K, committed 13568K, reserved 851968K
}
Event: 128.748 GC heap after
{Heap after GC invocations=49 (full 0):
 garbage-first heap   total 190464K, used 123197K [0x0000000700000000, 0x0000000800000000)
  region size 2048K, 1 young (2048K), 1 survivors (2048K)
 Metaspace       used 93875K, committed 94784K, reserved 983040K
  class space    used 13127K, committed 13568K, reserved 851968K
}
Event: 130.884 GC heap before
{Heap before GC invocations=49 (full 0):
 garbage-first heap   total 190464K, used 151869K [0x0000000700000000, 0x0000000800000000)
  region size 2048K, 15 young (30720K), 1 survivors (2048K)
 Metaspace       used 94181K, committed 95040K, reserved 983040K
  class space    used 13144K, committed 13568K, reserved 851968K
}
Event: 130.901 GC heap after
{Heap after GC invocations=50 (full 0):
 garbage-first heap   total 380928K, used 134590K [0x0000000700000000, 0x0000000800000000)
  region size 2048K, 2 young (4096K), 2 survivors (4096K)
 Metaspace       used 94181K, committed 95040K, reserved 983040K
  class space    used 13144K, committed 13568K, reserved 851968K
}
Event: 139.183 GC heap before
{Heap before GC invocations=50 (full 0):
 garbage-first heap   total 380928K, used 271806K [0x0000000700000000, 0x0000000800000000)
  region size 2048K, 69 young (141312K), 2 survivors (4096K)
 Metaspace       used 96408K, committed 97472K, reserved 983040K
  class space    used 13401K, committed 13888K, reserved 851968K
}
Event: 139.245 GC heap after
{Heap after GC invocations=51 (full 0):
 garbage-first heap   total 380928K, used 165702K [0x0000000700000000, 0x0000000800000000)
  region size 2048K, 9 young (18432K), 9 survivors (18432K)
 Metaspace       used 96408K, committed 97472K, reserved 983040K
  class space    used 13401K, committed 13888K, reserved 851968K
}
Event: 145.129 GC heap before
{Heap before GC invocations=51 (full 0):
 garbage-first heap   total 380928K, used 274246K [0x0000000700000000, 0x0000000800000000)
  region size 2048K, 62 young (126976K), 9 survivors (18432K)
 Metaspace       used 102593K, committed 103616K, reserved 983040K
  class space    used 14249K, committed 14720K, reserved 851968K
}
Event: 145.170 GC heap after
{Heap after GC invocations=52 (full 0):
 garbage-first heap   total 380928K, used 177802K [0x0000000700000000, 0x0000000800000000)
  region size 2048K, 5 young (10240K), 5 survivors (10240K)
 Metaspace       used 102593K, committed 103616K, reserved 983040K
  class space    used 14249K, committed 14720K, reserved 851968K
}
Event: 150.598 GC heap before
{Heap before GC invocations=52 (full 0):
 garbage-first heap   total 380928K, used 284298K [0x0000000700000000, 0x0000000800000000)
  region size 2048K, 57 young (116736K), 5 survivors (10240K)
 Metaspace       used 104229K, committed 105344K, reserved 983040K
  class space    used 14455K, committed 14912K, reserved 851968K
}
Event: 150.656 GC heap after
{Heap after GC invocations=53 (full 0):
 garbage-first heap   total 380928K, used 190427K [0x0000000700000000, 0x0000000800000000)
  region size 2048K, 6 young (12288K), 6 survivors (12288K)
 Metaspace       used 104229K, committed 105344K, reserved 983040K
  class space    used 14455K, committed 14912K, reserved 851968K
}
Event: 155.831 GC heap before
{Heap before GC invocations=53 (full 0):
 garbage-first heap   total 380928K, used 294875K [0x0000000700000000, 0x0000000800000000)
  region size 2048K, 57 young (116736K), 6 survivors (12288K)
 Metaspace       used 105063K, committed 106176K, reserved 983040K
  class space    used 14527K, committed 15040K, reserved 851968K
}
Event: 155.888 GC heap after
{Heap after GC invocations=54 (full 0):
 garbage-first heap   total 380928K, used 199653K [0x0000000700000000, 0x0000000800000000)
  region size 2048K, 5 young (10240K), 5 survivors (10240K)
 Metaspace       used 105063K, committed 106176K, reserved 983040K
  class space    used 14527K, committed 15040K, reserved 851968K
}

