# JRE version: Java(TM) SE Runtime Environment (17.0.10+11) (build 17.0.10+11-LTS-240)
# Java VM: Java HotSpot(TM) 64-Bit Server VM (17.0.10+11-LTS-240, mixed mode, sharing, tiered, compressed oops, compressed class ptrs, g1 gc, windows-amd64)
GC Precious Log:
 CPUs: 12 total, 12 available
 Memory: 7832M
 Large Page Support: Disabled
 NUMA Support: Disabled
 Compressed Oops: Enabled (Zero based)
 Heap Region Size: 2M
 Heap Min Capacity: 8M
 Heap Initial Capacity: 124M
 Heap Max Capacity: 4G
 Pre-touch: Disabled
 Parallel Workers: 10
 Concurrent Workers: 3
 Concurrent Refinement Workers: 10
 Periodic GC: Disabled
Heap:
 garbage-first heap   total 399360K, used 316007K [0x0000000700000000, 0x0000000800000000)
  region size 2048K, 1 young (2048K), 1 survivors (2048K)
 Metaspace       used 126611K, committed 128192K, reserved 983040K
  class space    used 17840K, committed 18560K, reserved 851968K
GC Heap History (20 events):
Event: 89.557 GC heap after
{Heap after GC invocations=71 (full 0):
 garbage-first heap   total 337920K, used 220575K [0x0000000700000000, 0x0000000800000000)
  region size 2048K, 5 young (10240K), 5 survivors (10240K)
 Metaspace       used 103451K, committed 104832K, reserved 983040K
  class space    used 14440K, committed 15104K, reserved 851968K
}
Event: 90.197 GC heap before
{Heap before GC invocations=71 (full 0):
 garbage-first heap   total 337920K, used 267679K [0x0000000700000000, 0x0000000800000000)
  region size 2048K, 27 young (55296K), 5 survivors (10240K)
 Metaspace       used 104962K, committed 106368K, reserved 983040K
  class space    used 14640K, committed 15296K, reserved 851968K
}
Event: 90.204 GC heap after
{Heap after GC invocations=72 (full 0):
 garbage-first heap   total 337920K, used 225536K [0x0000000700000000, 0x0000000800000000)
  region size 2048K, 4 young (8192K), 4 survivors (8192K)
 Metaspace       used 104962K, committed 106368K, reserved 983040K
  class space    used 14640K, committed 15296K, reserved 851968K
}
Event: 91.560 GC heap before
{Heap before GC invocations=73 (full 0):
 garbage-first heap   total 399360K, used 280832K [0x0000000700000000, 0x0000000800000000)
  region size 2048K, 31 young (63488K), 4 survivors (8192K)
 Metaspace       used 105591K, committed 106944K, reserved 983040K
  class space    used 14739K, committed 15360K, reserved 851968K
}
Event: 91.568 GC heap after
{Heap after GC invocations=74 (full 0):
 garbage-first heap   total 399360K, used 227396K [0x0000000700000000, 0x0000000800000000)
  region size 2048K, 4 young (8192K), 4 survivors (8192K)
 Metaspace       used 105591K, committed 106944K, reserved 983040K
  class space    used 14739K, committed 15360K, reserved 851968K
}
Event: 91.701 GC heap before
{Heap before GC invocations=74 (full 0):
 garbage-first heap   total 399360K, used 237636K [0x0000000700000000, 0x0000000800000000)
  region size 2048K, 9 young (18432K), 4 survivors (8192K)
 Metaspace       used 105599K, committed 106944K, reserved 983040K
  class space    used 14739K, committed 15360K, reserved 851968K
}
Event: 91.707 GC heap after
{Heap after GC invocations=75 (full 0):
 garbage-first heap   total 399360K, used 226859K [0x0000000700000000, 0x0000000800000000)
  region size 2048K, 1 young (2048K), 1 survivors (2048K)
 Metaspace       used 105599K, committed 106944K, reserved 983040K
  class space    used 14739K, committed 15360K, reserved 851968K
}
Event: 116.238 GC heap before
{Heap before GC invocations=75 (full 0):
 garbage-first heap   total 399360K, used 333355K [0x0000000700000000, 0x0000000800000000)
  region size 2048K, 51 young (104448K), 1 survivors (2048K)
 Metaspace       used 107945K, committed 109504K, reserved 983040K
  class space    used 15012K, committed 15744K, reserved 851968K
}
Event: 116.256 GC heap after
{Heap after GC invocations=76 (full 0):
 garbage-first heap   total 399360K, used 237309K [0x0000000700000000, 0x0000000800000000)
  region size 2048K, 5 young (10240K), 5 survivors (10240K)
 Metaspace       used 107945K, committed 109504K, reserved 983040K
  class space    used 15012K, committed 15744K, reserved 851968K
}
Event: 118.107 GC heap before
{Heap before GC invocations=76 (full 0):
 garbage-first heap   total 399360K, used 327421K [0x0000000700000000, 0x0000000800000000)
  region size 2048K, 50 young (102400K), 5 survivors (10240K)
 Metaspace       used 119037K, committed 120576K, reserved 983040K
  class space    used 16680K, committed 17408K, reserved 851968K
}
Event: 118.121 GC heap after
{Heap after GC invocations=77 (full 0):
 garbage-first heap   total 399360K, used 241409K [0x0000000700000000, 0x0000000800000000)
  region size 2048K, 3 young (6144K), 3 survivors (6144K)
 Metaspace       used 119037K, committed 120576K, reserved 983040K
  class space    used 16680K, committed 17408K, reserved 851968K
}
Event: 119.326 GC heap before
{Heap before GC invocations=77 (full 0):
 garbage-first heap   total 399360K, used 329473K [0x0000000700000000, 0x0000000800000000)
  region size 2048K, 38 young (77824K), 3 survivors (6144K)
 Metaspace       used 123255K, committed 124800K, reserved 983040K
  class space    used 17303K, committed 18048K, reserved 851968K
}
Event: 119.346 GC heap after
{Heap after GC invocations=78 (full 0):
 garbage-first heap   total 399360K, used 248068K [0x0000000700000000, 0x0000000800000000)
  region size 2048K, 3 young (6144K), 3 survivors (6144K)
 Metaspace       used 123255K, committed 124800K, reserved 983040K
  class space    used 17303K, committed 18048K, reserved 851968K
}
Event: 121.215 GC heap before
{Heap before GC invocations=78 (full 0):
 garbage-first heap   total 399360K, used 334084K [0x0000000700000000, 0x0000000800000000)
  region size 2048K, 38 young (77824K), 3 survivors (6144K)
 Metaspace       used 126608K, committed 128128K, reserved 983040K
  class space    used 17840K, committed 18560K, reserved 851968K
}
Event: 121.226 GC heap after
{Heap after GC invocations=79 (full 0):
 garbage-first heap   total 399360K, used 268545K [0x0000000700000000, 0x0000000800000000)
  region size 2048K, 6 young (12288K), 6 survivors (12288K)
 Metaspace       used 126608K, committed 128128K, reserved 983040K
  class space    used 17840K, committed 18560K, reserved 851968K
}
Event: 121.237 GC heap before
{Heap before GC invocations=79 (full 0):
 garbage-first heap   total 399360K, used 274689K [0x0000000700000000, 0x0000000800000000)
  region size 2048K, 7 young (14336K), 6 survivors (12288K)
 Metaspace       used 126610K, committed 128192K, reserved 983040K
  class space    used 17840K, committed 18560K, reserved 851968K
}
Event: 121.259 GC heap after
{Heap after GC invocations=80 (full 0):
 garbage-first heap   total 399360K, used 275454K [0x0000000700000000, 0x0000000800000000)
  region size 2048K, 4 young (8192K), 4 survivors (8192K)
 Metaspace       used 126610K, committed 128192K, reserved 983040K
  class space    used 17840K, committed 18560K, reserved 851968K
}
Event: 121.268 GC heap before
{Heap before GC invocations=80 (full 0):
 garbage-first heap   total 399360K, used 277502K [0x0000000700000000, 0x0000000800000000)
  region size 2048K, 5 young (10240K), 4 survivors (8192K)
 Metaspace       used 126611K, committed 128192K, reserved 983040K
  class space    used 17840K, committed 18560K, reserved 851968K
}
Event: 121.276 GC heap after
{Heap after GC invocations=81 (full 0):
 garbage-first heap   total 399360K, used 277779K [0x0000000700000000, 0x0000000800000000)
  region size 2048K, 1 young (2048K), 1 survivors (2048K)
 Metaspace       used 126611K, committed 128192K, reserved 983040K
  class space    used 17840K, committed 18560K, reserved 851968K
}
Event: 121.450 GC heap before
{Heap before GC invocations=81 (full 0):
 garbage-first heap   total 399360K, used 392467K [0x0000000700000000, 0x0000000800000000)
  region size 2048K, 2 young (4096K), 1 survivors (2048K)
 Metaspace       used 126611K, committed 128192K, reserved 983040K
  class space    used 17840K, committed 18560K, reserved 851968K
}

